0 info it worked if it ends with ok
1 verbose cli [ 'C:\\Program Files\\nodejs\\node.exe',
1 verbose cli   'C:\\Program Files\\nodejs\\node_modules\\npm\\bin\\npm-cli.js',
1 verbose cli   'run',
1 verbose cli   'server' ]
2 info using npm@3.10.8
3 info using node@v6.9.1
4 verbose run-script [ 'preserver', 'server', 'postserver' ]
5 info lifecycle -hack-ncs16@1.0.0~preserver: -hack-ncs16@1.0.0
6 silly lifecycle -hack-ncs16@1.0.0~preserver: no script for preserver, continuing
7 info lifecycle -hack-ncs16@1.0.0~server: -hack-ncs16@1.0.0
8 verbose lifecycle -hack-ncs16@1.0.0~server: unsafe-perm in lifecycle true
9 verbose lifecycle -hack-ncs16@1.0.0~server: PATH: C:\Program Files\nodejs\node_modules\npm\bin\node-gyp-bin;F:\git\hackncs-17\node_modules\.bin;C:\Windows\system32;C:\Windows;C:\Windows\System32\Wbem;C:\Windows\System32\WindowsPowerShell\v1.0\;C:\Program Files\Intel\OpenCL SDK\2.0\bin\x86;C:\Program Files\nodejs\;C:\Program Files\Git\cmd;C:\Program Files\Git\mingw32\bin;C:\Program Files\Git\usr\bin;C:\Program Files\Heroku\bin;C:\Program Files\Anaconda2;C:\Program Files\Anaconda2\Scripts;C:\Program Files\Anaconda2\Library\bin;C:\Users\hp\AppData\Roaming\npm;C:\Program Files\Sublime Text 3;C:\Python27\;C:\Python27\Scripts;C:\Program Files\PostgreSQL\9.6\bin;C:\Program Files\PostgreSQL\9.6\lib;C:\Program Files\Internet Download Manager;C:\Program Files\Console2;C:\Program Files\MongoDB\Server\3.2\bin\;C:\Program Files\Google\Chrome\Application;C:\Ruby23\bin
10 verbose lifecycle -hack-ncs16@1.0.0~server: CWD: F:\git\hackncs-17
11 silly lifecycle -hack-ncs16@1.0.0~server: Args: [ '/d /s /c', 'http-server -c-1 -o -a localhost -p 8000' ]
12 silly lifecycle -hack-ncs16@1.0.0~server: Returned: code: 3221225786  signal: null
13 info lifecycle -hack-ncs16@1.0.0~server: Failed to exec server script
14 verbose stack Error: -hack-ncs16@1.0.0 server: `http-server -c-1 -o -a localhost -p 8000`
14 verbose stack Exit status 3221225786
14 verbose stack     at EventEmitter.<anonymous> (C:\Program Files\nodejs\node_modules\npm\lib\utils\lifecycle.js:255:16)
14 verbose stack     at emitTwo (events.js:106:13)
14 verbose stack     at EventEmitter.emit (events.js:191:7)
14 verbose stack     at ChildProcess.<anonymous> (C:\Program Files\nodejs\node_modules\npm\lib\utils\spawn.js:40:14)
14 verbose stack     at emitTwo (events.js:106:13)
14 verbose stack     at ChildProcess.emit (events.js:191:7)
14 verbose stack     at maybeClose (internal/child_process.js:877:16)
14 verbose stack     at Process.ChildProcess._handle.onexit (internal/child_process.js:226:5)
15 verbose pkgid -hack-ncs16@1.0.0
16 verbose cwd F:\git\hackncs-17
17 error Windows_NT 6.1.7600
18 error argv "C:\\Program Files\\nodejs\\node.exe" "C:\\Program Files\\nodejs\\node_modules\\npm\\bin\\npm-cli.js" "run" "server"
19 error node v6.9.1
20 error npm  v3.10.8
21 error code ELIFECYCLE
22 error -hack-ncs16@1.0.0 server: `http-server -c-1 -o -a localhost -p 8000`
22 error Exit status 3221225786
23 error Failed at the -hack-ncs16@1.0.0 server script 'http-server -c-1 -o -a localhost -p 8000'.
23 error Make sure you have the latest version of node.js and npm installed.
23 error If you do, this is most likely a problem with the -hack-ncs16 package,
23 error not with npm itself.
23 error Tell the author that this fails on your system:
23 error     http-server -c-1 -o -a localhost -p 8000
23 error You can get information on how to open an issue for this project with:
23 error     npm bugs -hack-ncs16
23 error Or if that isn't available, you can get their info via:
23 error     npm owner ls -hack-ncs16
23 error There is likely additional logging output above.
24 verbose exit [ 1, true ]
